生成启动时间为 2015/5/6 17:10:17。
     1>项目“D:\baiduyun\Alchemist\frameworks\cocos2d-x\cocos\scripting\lua-bindings\proj.win32\libluacocos2d.vcxproj”在节点 3 上(Build 个目标)。
     1>PreBuildEvent:
         if not exist "D:\baiduyun\Alchemist\frameworks\runtime-src\proj.win32\Debug.win32\" mkdir "D:\baiduyun\Alchemist\frameworks\runtime-src\proj.win32\Debug.win32\"
         xcopy /Y /Q "D:\baiduyun\Alchemist\frameworks\cocos2d-x\cocos\scripting\lua-bindings\proj.win32\..\..\..\..\external\lua\luajit\prebuilt\win32\*.*" "D:\baiduyun\Alchemist\frameworks\runtime-src\proj.win32\Debug.win32\"
         :VCEnd
         复制了 2 个文件
       ClCompile:
         C:\Program Files (x86)\Microsoft Visual Studio 12.0\VC\bin\CL.exe /c /I"D:\baiduyun\Alchemist\frameworks\cocos2d-x\cocos\2d\..\..\\" /I"D:\baiduyun\Alchemist\frameworks\cocos2d-x\cocos\2d\..\..\cocos\2d" /I"D:\baiduyun\Alchemist\frameworks\cocos2d-x\cocos\2d\..\..\cocos\base" /I"D:\baiduyun\Alchemist\frameworks\cocos2d-x\cocos\2d\..\..\cocos\3d" /I"D:\baiduyun\Alchemist\frameworks\cocos2d-x\cocos\2d\..\..\cocos\audio\include" /I"D:\baiduyun\Alchemist\frameworks\cocos2d-x\cocos\2d\..\..\cocos\ui" /I"D:\baiduyun\Alchemist\frameworks\cocos2d-x\cocos\2d\..\..\external" /I"D:\baiduyun\Alchemist\frameworks\cocos2d-x\cocos\2d\..\..\external\lua" /I"D:\baiduyun\Alchemist\frameworks\cocos2d-x\cocos\2d\..\..\external\lua\tolua" /I"D:\baiduyun\Alchemist\frameworks\cocos2d-x\cocos\2d\..\..\external\lua\luajit\include" /I"D:\baiduyun\Alchemist\frameworks\cocos2d-x\cocos\2d\..\..\external\libwebsockets\win32\include" /I"D:\baiduyun\Alchemist\frameworks\cocos2d-x\cocos\2d\..\..\extensions" /I"D:\baiduyun\Alchemist\frameworks\cocos2d-x\cocos\2d\..\..\cocos\editor-support" /I"D:\baiduyun\Alchemist\frameworks\cocos2d-x\cocos\2d\..\..\cocos\editor-support\cocostudio" /I"D:\baiduyun\Alchemist\frameworks\cocos2d-x\cocos\2d\..\..\cocos\editor-support\cocostudio\ActionTimeline" /I"D:\baiduyun\Alchemist\frameworks\cocos2d-x\cocos\2d\..\..\cocos\editor-support\spine" /I"D:\baiduyun\Alchemist\frameworks\cocos2d-x\cocos\2d\..\..\cocos\editor-support\cocosbuilder" /I"D:\baiduyun\Alchemist\frameworks\cocos2d-x\cocos\2d\..\..\cocos\scripting\lua-bindings\manual" /I"D:\baiduyun\Alchemist\frameworks\cocos2d-x\cocos\2d\..\..\cocos\scripting\lua-bindings\auto" /I"D:\baiduyun\Alchemist\frameworks\cocos2d-x\cocos\2d\..\..\cocos\scripting\lua-bindings\manual\extension" /I"D:\baiduyun\Alchemist\frameworks\cocos2d-x\cocos\2d\..\..\cocos\scripting\lua-bindings\manual\cocostudio" /I"D:\baiduyun\Alchemist\frameworks\cocos2d-x\cocos\2d\..\..\cocos\scripting\lua-bindings\manual\ui" /I"D:\baiduyun\Alchemist\frameworks\cocos2d-x\cocos\2d\..\..\cocos\scripting\lua-bindings\manual\cocos2d" /I"D:\baiduyun\Alchemist\frameworks\cocos2d-x\cocos\2d\..\..\cocos\editor-support" /I"D:\baiduyun\Alchemist\frameworks\cocos2d-x\cocos\2d\..\..\cocos" /I"D:\baiduyun\Alchemist\frameworks\cocos2d-x\cocos\2d\..\..\cocos\platform" /I"D:\baiduyun\Alchemist\frameworks\cocos2d-x\cocos\2d\..\..\cocos\platform\desktop" /I"D:\baiduyun\Alchemist\frameworks\cocos2d-x\cocos\2d\..\..\external\glfw3\include\win32" /I"D:\baiduyun\Alchemist\frameworks\cocos2d-x\cocos\2d\..\..\external\win32-specific\gles\include\OGLES" /Z7 /nologo /W3 /WX- /MP /Od /Oy- /D WIN32 /D _WINDOWS /D _DEBUG /D COCOS2D_DEBUG=2 /D _CRT_SECURE_NO_WARNINGS /D _VARIADIC_MAX=10 /D _USING_V110_SDK71_ /D _UNICODE /D UNICODE /Gm- /EHsc /RTC1 /MDd /GS /fp:precise /Zc:wchar_t /Zc:forScope /Fo"Debug.win32\libluacocos2d\\" /Fd"Debug.win32\libluacocos2d\vc120.pdb" /Gd /TC /wd4800 /wd4267 /wd4251 /wd4244 /analyze- /errorReport:prompt ..\..\..\..\external\lua\luasocket\auxiliar.c ..\..\..\..\external\lua\luasocket\buffer.c ..\..\..\..\external\lua\luasocket\except.c ..\..\..\..\external\lua\luasocket\inet.c ..\..\..\..\external\lua\luasocket\io.c ..\..\..\..\external\lua\luasocket\luasocket.c ..\..\..\..\external\lua\luasocket\luasocket_scripts.c ..\..\..\..\external\lua\luasocket\mime.c ..\..\..\..\external\lua\luasocket\options.c ..\..\..\..\external\lua\luasocket\select.c ..\..\..\..\external\lua\luasocket\tcp.c ..\..\..\..\external\lua\luasocket\timeout.c ..\..\..\..\external\lua\luasocket\udp.c ..\..\..\..\external\lua\luasocket\wsocket.c ..\..\..\..\external\lua\tolua\tolua_event.c ..\..\..\..\external\lua\tolua\tolua_is.c ..\..\..\..\external\lua\tolua\tolua_map.c ..\..\..\..\external\lua\tolua\tolua_push.c ..\..\..\..\external\lua\tolua\tolua_to.c ..\manual\network\lua_extensions.c
         auxiliar.c
         buffer.c
         except.c
         inet.c
         io.c
         luasocket.c
     1>..\..\..\..\external\lua\luasocket\inet.c(254): warning C4133: “函数”: 从“WCHAR *”到“const char *”的类型不兼容
     1>..\..\..\..\external\lua\luasocket\inet.c(288): warning C4133: “函数”: 从“WCHAR *”到“const char *”的类型不兼容
         luasocket_scripts.c
         mime.c
         options.c
         select.c
         tcp.c
         timeout.c
         udp.c
     1>..\..\..\..\external\lua\luasocket\udp.c(181): warning C4133: “函数”: 从“WCHAR *”到“const char *”的类型不兼容
     1>..\..\..\..\external\lua\luasocket\udp.c(251): warning C4133: “函数”: 从“WCHAR *”到“const char *”的类型不兼容
         wsocket.c
         tolua_event.c
         tolua_is.c
         tolua_map.c
     1>..\..\..\..\external\lua\luasocket\wsocket.c(431): warning C4133: “return”: 从“WCHAR *”到“const char *”的类型不兼容
         tolua_push.c
         tolua_to.c
         lua_extensions.c
         C:\Program Files (x86)\Microsoft Visual Studio 12.0\VC\bin\CL.exe /c /I"D:\baiduyun\Alchemist\frameworks\cocos2d-x\cocos\2d\..\..\\" /I"D:\baiduyun\Alchemist\frameworks\cocos2d-x\cocos\2d\..\..\cocos\2d" /I"D:\baiduyun\Alchemist\frameworks\cocos2d-x\cocos\2d\..\..\cocos\base" /I"D:\baiduyun\Alchemist\frameworks\cocos2d-x\cocos\2d\..\..\cocos\3d" /I"D:\baiduyun\Alchemist\frameworks\cocos2d-x\cocos\2d\..\..\cocos\audio\include" /I"D:\baiduyun\Alchemist\frameworks\cocos2d-x\cocos\2d\..\..\cocos\ui" /I"D:\baiduyun\Alchemist\frameworks\cocos2d-x\cocos\2d\..\..\external" /I"D:\baiduyun\Alchemist\frameworks\cocos2d-x\cocos\2d\..\..\external\lua" /I"D:\baiduyun\Alchemist\frameworks\cocos2d-x\cocos\2d\..\..\external\lua\tolua" /I"D:\baiduyun\Alchemist\frameworks\cocos2d-x\cocos\2d\..\..\external\lua\luajit\include" /I"D:\baiduyun\Alchemist\frameworks\cocos2d-x\cocos\2d\..\..\external\libwebsockets\win32\include" /I"D:\baiduyun\Alchemist\frameworks\cocos2d-x\cocos\2d\..\..\extensions" /I"D:\baiduyun\Alchemist\frameworks\cocos2d-x\cocos\2d\..\..\cocos\editor-support" /I"D:\baiduyun\Alchemist\frameworks\cocos2d-x\cocos\2d\..\..\cocos\editor-support\cocostudio" /I"D:\baiduyun\Alchemist\frameworks\cocos2d-x\cocos\2d\..\..\cocos\editor-support\cocostudio\ActionTimeline" /I"D:\baiduyun\Alchemist\frameworks\cocos2d-x\cocos\2d\..\..\cocos\editor-support\spine" /I"D:\baiduyun\Alchemist\frameworks\cocos2d-x\cocos\2d\..\..\cocos\editor-support\cocosbuilder" /I"D:\baiduyun\Alchemist\frameworks\cocos2d-x\cocos\2d\..\..\cocos\scripting\lua-bindings\manual" /I"D:\baiduyun\Alchemist\frameworks\cocos2d-x\cocos\2d\..\..\cocos\scripting\lua-bindings\auto" /I"D:\baiduyun\Alchemist\frameworks\cocos2d-x\cocos\2d\..\..\cocos\scripting\lua-bindings\manual\extension" /I"D:\baiduyun\Alchemist\frameworks\cocos2d-x\cocos\2d\..\..\cocos\scripting\lua-bindings\manual\cocostudio" /I"D:\baiduyun\Alchemist\frameworks\cocos2d-x\cocos\2d\..\..\cocos\scripting\lua-bindings\manual\ui" /I"D:\baiduyun\Alchemist\frameworks\cocos2d-x\cocos\2d\..\..\cocos\scripting\lua-bindings\manual\cocos2d" /I"D:\baiduyun\Alchemist\frameworks\cocos2d-x\cocos\2d\..\..\cocos\editor-support" /I"D:\baiduyun\Alchemist\frameworks\cocos2d-x\cocos\2d\..\..\cocos" /I"D:\baiduyun\Alchemist\frameworks\cocos2d-x\cocos\2d\..\..\cocos\platform" /I"D:\baiduyun\Alchemist\frameworks\cocos2d-x\cocos\2d\..\..\cocos\platform\desktop" /I"D:\baiduyun\Alchemist\frameworks\cocos2d-x\cocos\2d\..\..\external\glfw3\include\win32" /I"D:\baiduyun\Alchemist\frameworks\cocos2d-x\cocos\2d\..\..\external\win32-specific\gles\include\OGLES" /Z7 /nologo /W3 /WX- /MP /Od /Oy- /D WIN32 /D _WINDOWS /D _DEBUG /D COCOS2D_DEBUG=2 /D _CRT_SECURE_NO_WARNINGS /D _VARIADIC_MAX=10 /D _USING_V110_SDK71_ /D _UNICODE /D UNICODE /Gm- /EHsc /RTC1 /MDd /GS /fp:precise /Zc:wchar_t /Zc:forScope /Fo"Debug.win32\libluacocos2d\\" /Fd"Debug.win32\libluacocos2d\vc120.pdb" /Gd /TP /wd4800 /wd4267 /wd4251 /wd4244 /analyze- /errorReport:prompt ..\..\..\..\external\lua\quick\LuaEventNode.cpp ..\..\..\..\external\lua\quick\LuaNodeManager.cpp ..\..\..\..\external\lua\quick\LuaTouchEventManager.cpp ..\..\..\..\external\lua\quick\LuaTouchTargetNode.cpp ..\..\..\..\external\lua\quick\lua_cocos2dx_quick_manual.cpp ..\..\..\..\external\xxtea\xxtea.cpp ..\auto\lua_cocos2dx_3d_auto.cpp ..\auto\lua_cocos2dx_audioengine_auto.cpp ..\auto\lua_cocos2dx_auto.cpp ..\auto\lua_cocos2dx_cocosbuilder_auto.cpp ..\auto\lua_cocos2dx_cocosdenshion_auto.cpp ..\auto\lua_cocos2dx_csloader_auto.cpp ..\auto\lua_cocos2dx_experimental_auto.cpp ..\auto\lua_cocos2dx_experimental_video_auto.cpp ..\auto\lua_cocos2dx_extension_auto.cpp ..\auto\lua_cocos2dx_physics_auto.cpp ..\auto\lua_cocos2dx_spine_auto.cpp ..\auto\lua_cocos2dx_studio_auto.cpp ..\auto\lua_cocos2dx_ui_auto.cpp ..\auto\lua_SL_auto.cpp ..\manual\3d\lua_cocos2dx_3d_manual.cpp ..\manual\audioengine\lua_cocos2dx_audioengine_manual.cpp ..\manual\CCLuaBridge.cpp ..\manual\CCLuaEngine.cpp ..\manual\CCLuaStack.cpp ..\manual\CCLuaValue.cpp ..\manual\Cocos2dxLuaLoader.cpp ..\manual\cocos2d\LuaOpengl.cpp ..\manual\cocos2d\LuaScriptHandlerMgr.cpp ..\manual\cocos2d\lua_cocos2dx_deprecated.cpp ..\manual\cocos2d\lua_cocos2dx_experimental_manual.cpp ..\manual\cocos2d\lua_cocos2dx_manual.cpp ..\manual\cocos2d\lua_cocos2dx_physics_manual.cpp ..\manual\cocosbuilder\CCBProxy.cpp ..\manual\cocosbuilder\lua_cocos2dx_cocosbuilder_manual.cpp ..\manual\cocosdenshion\lua_cocos2dx_cocosdenshion_manual.cpp ..\manual\cocostudio\CustomGUIReader.cpp "..\manual\cocostudio\lua-cocos-studio-conversions.cpp" ..\manual\cocostudio\lua_cocos2dx_coco_studio_manual.cpp ..\manual\cocostudio\lua_cocos2dx_csloader_manual.cpp ..\manual\extension\lua_cocos2dx_extension_manual.cpp ..\manual\LuaBasicConversions.cpp ..\manual\network\lua_cocos2dx_network_manual.cpp ..\manual\network\Lua_web_socket.cpp ..\manual\network\lua_xml_http_request.cpp ..\manual\spine\LuaSkeletonAnimation.cpp ..\manual\spine\lua_cocos2dx_spine_manual.cpp ..\manual\tolua_fix.cpp ..\manual\ui\lua_cocos2dx_experimental_video_manual.cpp ..\manual\ui\lua_cocos2dx_ui_manual.cpp
         LuaEventNode.cpp
         LuaNodeManager.cpp
     1>d:\baiduyun\alchemist\frameworks\cocos2d-x\cocos\physics/CCPhysicsJoint.h : warning C4819: 该文件包含不能在当前代码页(936)中表示的字符。请将该文件保存为 Unicode 格式以防止数据丢失 (..\..\..\..\external\lua\quick\LuaEventNode.cpp)
         LuaTouchEventManager.cpp
         LuaTouchTargetNode.cpp
         lua_cocos2dx_quick_manual.cpp
         xxtea.cpp
         lua_cocos2dx_3d_auto.cpp
     1>d:\baiduyun\alchemist\frameworks\cocos2d-x\cocos\physics/CCPhysicsJoint.h : warning C4819: 该文件包含不能在当前代码页(936)中表示的字符。请将该文件保存为 Unicode 格式以防止数据丢失 (..\..\..\..\external\lua\quick\lua_cocos2dx_quick_manual.cpp)
         lua_cocos2dx_audioengine_auto.cpp
     1>d:\baiduyun\alchemist\frameworks\cocos2d-x\cocos\physics/CCPhysicsJoint.h : warning C4819: 该文件包含不能在当前代码页(936)中表示的字符。请将该文件保存为 Unicode 格式以防止数据丢失 (..\auto\lua_cocos2dx_3d_auto.cpp)
     1>d:\baiduyun\alchemist\frameworks\cocos2d-x\cocos\physics/CCPhysicsJoint.h : warning C4819: 该文件包含不能在当前代码页(936)中表示的字符。请将该文件保存为 Unicode 格式以防止数据丢失 (..\auto\lua_cocos2dx_audioengine_auto.cpp)
         lua_cocos2dx_auto.cpp
         lua_cocos2dx_cocosbuilder_auto.cpp
     1>d:\baiduyun\alchemist\frameworks\cocos2d-x\cocos\physics/CCPhysicsJoint.h : warning C4819: 该文件包含不能在当前代码页(936)中表示的字符。请将该文件保存为 Unicode 格式以防止数据丢失 (..\auto\lua_cocos2dx_auto.cpp)
     1>..\auto\lua_cocos2dx_auto.cpp(11239): warning C4083: 应输入“(”；找到标识符“NO”
     1>..\auto\lua_cocos2dx_auto.cpp(11281): warning C4083: 应输入“(”；找到标识符“NO”
     1>d:\baiduyun\alchemist\frameworks\cocos2d-x\cocos\physics/CCPhysicsJoint.h : warning C4819: 该文件包含不能在当前代码页(936)中表示的字符。请将该文件保存为 Unicode 格式以防止数据丢失 (..\auto\lua_cocos2dx_cocosbuilder_auto.cpp)
         lua_cocos2dx_cocosdenshion_auto.cpp
         lua_cocos2dx_csloader_auto.cpp
     1>d:\baiduyun\alchemist\frameworks\cocos2d-x\cocos\physics/CCPhysicsJoint.h : warning C4819: 该文件包含不能在当前代码页(936)中表示的字符。请将该文件保存为 Unicode 格式以防止数据丢失 (..\auto\lua_cocos2dx_cocosdenshion_auto.cpp)
     1>d:\baiduyun\alchemist\frameworks\cocos2d-x\cocos\physics/CCPhysicsJoint.h : warning C4819: 该文件包含不能在当前代码页(936)中表示的字符。请将该文件保存为 Unicode 格式以防止数据丢失 (..\auto\lua_cocos2dx_csloader_auto.cpp)
         lua_cocos2dx_experimental_auto.cpp
         lua_cocos2dx_experimental_video_auto.cpp
         lua_cocos2dx_extension_auto.cpp
     1>d:\baiduyun\alchemist\frameworks\cocos2d-x\cocos\physics/CCPhysicsJoint.h : warning C4819: 该文件包含不能在当前代码页(936)中表示的字符。请将该文件保存为 Unicode 格式以防止数据丢失 (..\auto\lua_cocos2dx_experimental_auto.cpp)
         lua_cocos2dx_physics_auto.cpp
     1>d:\baiduyun\alchemist\frameworks\cocos2d-x\cocos\physics/CCPhysicsJoint.h : warning C4819: 该文件包含不能在当前代码页(936)中表示的字符。请将该文件保存为 Unicode 格式以防止数据丢失 (..\auto\lua_cocos2dx_extension_auto.cpp)
     1>d:\baiduyun\alchemist\frameworks\cocos2d-x\cocos\physics/CCPhysicsJoint.h : warning C4819: 该文件包含不能在当前代码页(936)中表示的字符。请将该文件保存为 Unicode 格式以防止数据丢失 (..\auto\lua_cocos2dx_physics_auto.cpp)
     1>..\auto\lua_cocos2dx_physics_auto.cpp(4918): warning C4083: 应输入“(”；找到标识符“NO”
     1>..\auto\lua_cocos2dx_extension_auto.cpp(15163): warning C4083: 应输入“(”；找到标识符“NO”
         lua_cocos2dx_spine_auto.cpp
     1>d:\baiduyun\alchemist\frameworks\cocos2d-x\cocos\scripting\lua-bindings\auto\lua_cocos2dx_extension_auto.cpp(15170): warning C4700: 使用了未初始化的局部变量“arg0”
         lua_cocos2dx_studio_auto.cpp
     1>d:\baiduyun\alchemist\frameworks\cocos2d-x\cocos\physics/CCPhysicsJoint.h : warning C4819: 该文件包含不能在当前代码页(936)中表示的字符。请将该文件保存为 Unicode 格式以防止数据丢失 (..\auto\lua_cocos2dx_spine_auto.cpp)
     1>..\auto\lua_cocos2dx_spine_auto.cpp(574): warning C4083: 应输入“(”；找到标识符“NO”
     1>..\auto\lua_cocos2dx_spine_auto.cpp(788): warning C4083: 应输入“(”；找到标识符“NO”
     1>..\auto\lua_cocos2dx_spine_auto.cpp(805): warning C4083: 应输入“(”；找到标识符“NO”
     1>..\auto\lua_cocos2dx_spine_auto.cpp(945): warning C4083: 应输入“(”；找到标识符“NO”
     1>..\auto\lua_cocos2dx_spine_auto.cpp(1003): warning C4083: 应输入“(”；找到标识符“NO”
     1>..\auto\lua_cocos2dx_spine_auto.cpp(1061): warning C4083: 应输入“(”；找到标识符“NO”
     1>..\auto\lua_cocos2dx_spine_auto.cpp(1173): warning C4083: 应输入“(”；找到标识符“NO”
     1>d:\baiduyun\alchemist\frameworks\cocos2d-x\cocos\scripting\lua-bindings\auto\lua_cocos2dx_spine_auto.cpp(958): warning C4700: 使用了未初始化的局部变量“arg0”
     1>d:\baiduyun\alchemist\frameworks\cocos2d-x\cocos\scripting\lua-bindings\auto\lua_cocos2dx_spine_auto.cpp(1016): warning C4700: 使用了未初始化的局部变量“arg0”
     1>d:\baiduyun\alchemist\frameworks\cocos2d-x\cocos\scripting\lua-bindings\auto\lua_cocos2dx_spine_auto.cpp(1074): warning C4700: 使用了未初始化的局部变量“arg0”
     1>d:\baiduyun\alchemist\frameworks\cocos2d-x\cocos\scripting\lua-bindings\auto\lua_cocos2dx_spine_auto.cpp(1186): warning C4700: 使用了未初始化的局部变量“arg0”
     1>d:\baiduyun\alchemist\frameworks\cocos2d-x\cocos\scripting\lua-bindings\auto\lua_cocos2dx_spine_auto.cpp(791): warning C4700: 使用了未初始化的局部变量“arg1”
     1>d:\baiduyun\alchemist\frameworks\cocos2d-x\cocos\scripting\lua-bindings\auto\lua_cocos2dx_spine_auto.cpp(811): warning C4700: 使用了未初始化的局部变量“arg1”
         lua_cocos2dx_ui_auto.cpp
     1>d:\baiduyun\alchemist\frameworks\cocos2d-x\cocos\physics/CCPhysicsJoint.h : warning C4819: 该文件包含不能在当前代码页(936)中表示的字符。请将该文件保存为 Unicode 格式以防止数据丢失 (..\auto\lua_cocos2dx_ui_auto.cpp)
     1>..\auto\lua_cocos2dx_ui_auto.cpp(22089): warning C4083: 应输入“(”；找到标识符“NO”
     1>..\auto\lua_cocos2dx_ui_auto.cpp(22234): warning C4083: 应输入“(”；找到标识符“NO”
     1>..\auto\lua_cocos2dx_ui_auto.cpp(22629): warning C4083: 应输入“(”；找到标识符“NO”
     1>..\auto\lua_cocos2dx_ui_auto.cpp(22790): warning C4083: 应输入“(”；找到标识符“NO”
     1>d:\baiduyun\alchemist\frameworks\cocos2d-x\cocos\physics/CCPhysicsJoint.h : warning C4819: 该文件包含不能在当前代码页(936)中表示的字符。请将该文件保存为 Unicode 格式以防止数据丢失 (..\auto\lua_cocos2dx_studio_auto.cpp)
         lua_SL_auto.cpp
     1>d:\baiduyun\alchemist\frameworks\cocos2d-x\cocos\physics/CCPhysicsJoint.h : warning C4819: 该文件包含不能在当前代码页(936)中表示的字符。请将该文件保存为 Unicode 格式以防止数据丢失 (..\auto\lua_SL_auto.cpp)
         lua_cocos2dx_3d_manual.cpp
         lua_cocos2dx_audioengine_manual.cpp
     1>d:\baiduyun\alchemist\frameworks\cocos2d-x\cocos\physics/CCPhysicsJoint.h : warning C4819: 该文件包含不能在当前代码页(936)中表示的字符。请将该文件保存为 Unicode 格式以防止数据丢失 (..\manual\3d\lua_cocos2dx_3d_manual.cpp)
     1>..\manual\3d\lua_cocos2dx_3d_manual.cpp(208): warning C4996: 'lua_cocos2dx_3d_Sprite3D_setBlendFunc01': 被声明为已否决
                 ..\manual\3d\lua_cocos2dx_3d_manual.cpp(31) : 参见“lua_cocos2dx_3d_Sprite3D_setBlendFunc01”的声明
     1>..\manual\3d\lua_cocos2dx_3d_manual.cpp(1483): warning C4018: “<=”: 有符号/无符号不匹配
     1>..\manual\3d\lua_cocos2dx_3d_manual.cpp(1502): warning C4018: “<=”: 有符号/无符号不匹配
     1>d:\baiduyun\alchemist\frameworks\cocos2d-x\cocos\physics/CCPhysicsJoint.h : warning C4819: 该文件包含不能在当前代码页(936)中表示的字符。请将该文件保存为 Unicode 格式以防止数据丢失 (..\manual\audioengine\lua_cocos2dx_audioengine_manual.cpp)
         CCLuaBridge.cpp
     1>d:\baiduyun\alchemist\frameworks\cocos2d-x\cocos\physics/CCPhysicsJoint.h : warning C4819: 该文件包含不能在当前代码页(936)中表示的字符。请将该文件保存为 Unicode 格式以防止数据丢失 (..\manual\CCLuaBridge.cpp)
         CCLuaEngine.cpp
         CCLuaStack.cpp
     1>d:\baiduyun\alchemist\frameworks\cocos2d-x\cocos\physics/CCPhysicsJoint.h : warning C4819: 该文件包含不能在当前代码页(936)中表示的字符。请将该文件保存为 Unicode 格式以防止数据丢失 (..\manual\CCLuaStack.cpp)
     1>..\manual\CCLuaStack.cpp(812): warning C4996: 'cocos2d::FileUtils::getFileData': 被声明为已否决
                 d:\baiduyun\alchemist\frameworks\cocos2d-x\cocos\platform/CCFileUtils.h(111) : 参见“cocos2d::FileUtils::getFileData”的声明
                 d:\baiduyun\alchemist\frameworks\cocos2d-x\cocos\platform/CCFileUtils.h(111) : 参见“cocos2d::FileUtils::getFileData”的声明
     1>..\manual\CCLuaStack.cpp(854): warning C4018: “<”: 有符号/无符号不匹配
     1>d:\baiduyun\alchemist\frameworks\cocos2d-x\cocos\physics/CCPhysicsJoint.h : warning C4819: 该文件包含不能在当前代码页(936)中表示的字符。请将该文件保存为 Unicode 格式以防止数据丢失 (..\manual\CCLuaEngine.cpp)
         CCLuaValue.cpp
         Cocos2dxLuaLoader.cpp
         LuaOpengl.cpp
     1>d:\baiduyun\alchemist\frameworks\cocos2d-x\cocos\physics/CCPhysicsJoint.h : warning C4819: 该文件包含不能在当前代码页(936)中表示的字符。请将该文件保存为 Unicode 格式以防止数据丢失 (..\manual\Cocos2dxLuaLoader.cpp)
     1>..\manual\Cocos2dxLuaLoader.cpp(90): warning C4996: 'cocos2d::FileUtils::getFileData': 被声明为已否决
                 d:\baiduyun\alchemist\frameworks\cocos2d-x\cocos\platform/CCFileUtils.h(111) : 参见“cocos2d::FileUtils::getFileData”的声明
                 d:\baiduyun\alchemist\frameworks\cocos2d-x\cocos\platform/CCFileUtils.h(111) : 参见“cocos2d::FileUtils::getFileData”的声明
     1>..\manual\Cocos2dxLuaLoader.cpp(98): warning C4996: 'cocos2d::FileUtils::getFileData': 被声明为已否决
                 d:\baiduyun\alchemist\frameworks\cocos2d-x\cocos\platform/CCFileUtils.h(111) : 参见“cocos2d::FileUtils::getFileData”的声明
                 d:\baiduyun\alchemist\frameworks\cocos2d-x\cocos\platform/CCFileUtils.h(111) : 参见“cocos2d::FileUtils::getFileData”的声明
         LuaScriptHandlerMgr.cpp
     1>d:\baiduyun\alchemist\frameworks\cocos2d-x\cocos\physics/CCPhysicsJoint.h : warning C4819: 该文件包含不能在当前代码页(936)中表示的字符。请将该文件保存为 Unicode 格式以防止数据丢失 (..\manual\cocos2d\LuaOpengl.cpp)
     1>d:\baiduyun\alchemist\frameworks\cocos2d-x\cocos\physics/CCPhysicsJoint.h : warning C4819: 该文件包含不能在当前代码页(936)中表示的字符。请将该文件保存为 Unicode 格式以防止数据丢失 (..\manual\cocos2d\LuaScriptHandlerMgr.cpp)
     1>..\manual\cocos2d\LuaOpengl.cpp(4431): warning C4996: 'cocos2d::DrawPrimitives::drawPoint': 被声明为已否决
                 d:\baiduyun\alchemist\frameworks\cocos2d-x\cocos\2d/CCDrawingPrimitives.h(91) : 参见“cocos2d::DrawPrimitives::drawPoint”的声明
     1>..\manual\cocos2d\LuaOpengl.cpp(4466): warning C4018: “<”: 有符号/无符号不匹配
     1>..\manual\cocos2d\LuaOpengl.cpp(4484): warning C4996: 'cocos2d::DrawPrimitives::drawPoints': 被声明为已否决
                 d:\baiduyun\alchemist\frameworks\cocos2d-x\cocos\2d/CCDrawingPrimitives.h(99) : 参见“cocos2d::DrawPrimitives::drawPoints”的声明
     1>..\manual\cocos2d\LuaOpengl.cpp(4519): warning C4996: 'cocos2d::DrawPrimitives::drawLine': 被声明为已否决
                 d:\baiduyun\alchemist\frameworks\cocos2d-x\cocos\2d/CCDrawingPrimitives.h(106) : 参见“cocos2d::DrawPrimitives::drawLine”的声明
     1>..\manual\cocos2d\LuaOpengl.cpp(4552): warning C4996: 'cocos2d::DrawPrimitives::drawRect': 被声明为已否决
                 d:\baiduyun\alchemist\frameworks\cocos2d-x\cocos\2d/CCDrawingPrimitives.h(114) : 参见“cocos2d::DrawPrimitives::drawRect”的声明
     1>..\manual\cocos2d\LuaOpengl.cpp(4592): warning C4996: 'cocos2d::DrawPrimitives::drawSolidRect': 被声明为已否决
                 d:\baiduyun\alchemist\frameworks\cocos2d-x\cocos\2d/CCDrawingPrimitives.h(124) : 参见“cocos2d::DrawPrimitives::drawSolidRect”的声明
     1>..\manual\cocos2d\LuaOpengl.cpp(4628): warning C4018: “<”: 有符号/无符号不匹配
     1>..\manual\cocos2d\LuaOpengl.cpp(4646): warning C4996: 'cocos2d::DrawPrimitives::drawPoly': 被声明为已否决
                 d:\baiduyun\alchemist\frameworks\cocos2d-x\cocos\2d/CCDrawingPrimitives.h(133) : 参见“cocos2d::DrawPrimitives::drawPoly”的声明
     1>..\manual\cocos2d\LuaOpengl.cpp(4682): warning C4018: “<”: 有符号/无符号不匹配
     1>..\manual\cocos2d\LuaOpengl.cpp(4708): warning C4996: 'cocos2d::DrawPrimitives::drawSolidPoly': 被声明为已否决
                 d:\baiduyun\alchemist\frameworks\cocos2d-x\cocos\2d/CCDrawingPrimitives.h(141) : 参见“cocos2d::DrawPrimitives::drawSolidPoly”的声明
     1>..\manual\cocos2d\LuaOpengl.cpp(4752): warning C4996: 'cocos2d::DrawPrimitives::drawCircle': 被声明为已否决
                 d:\baiduyun\alchemist\frameworks\cocos2d-x\cocos\2d/CCDrawingPrimitives.h(153) : 参见“cocos2d::DrawPrimitives::drawCircle”的声明
     1>..\manual\cocos2d\LuaOpengl.cpp(4790): warning C4996: 'cocos2d::DrawPrimitives::drawSolidCircle': 被声明为已否决
                 d:\baiduyun\alchemist\frameworks\cocos2d-x\cocos\2d/CCDrawingPrimitives.h(173) : 参见“cocos2d::DrawPrimitives::drawSolidCircle”的声明
     1>..\manual\cocos2d\LuaOpengl.cpp(4832): warning C4996: 'cocos2d::DrawPrimitives::drawQuadBezier': 被声明为已否决
                 d:\baiduyun\alchemist\frameworks\cocos2d-x\cocos\2d/CCDrawingPrimitives.h(192) : 参见“cocos2d::DrawPrimitives::drawQuadBezier”的声明
     1>..\manual\cocos2d\LuaOpengl.cpp(4879): warning C4996: 'cocos2d::DrawPrimitives::drawCubicBezier': 被声明为已否决
                 d:\baiduyun\alchemist\frameworks\cocos2d-x\cocos\2d/CCDrawingPrimitives.h(204) : 参见“cocos2d::DrawPrimitives::drawCubicBezier”的声明
     1>..\manual\cocos2d\LuaOpengl.cpp(4925): warning C4996: 'cocos2d::DrawPrimitives::drawCatmullRom': 被声明为已否决
                 d:\baiduyun\alchemist\frameworks\cocos2d-x\cocos\2d/CCDrawingPrimitives.h(213) : 参见“cocos2d::DrawPrimitives::drawCatmullRom”的声明
     1>..\manual\cocos2d\LuaOpengl.cpp(4971): warning C4996: 'cocos2d::DrawPrimitives::drawCardinalSpline': 被声明为已否决
                 d:\baiduyun\alchemist\frameworks\cocos2d-x\cocos\2d/CCDrawingPrimitives.h(223) : 参见“cocos2d::DrawPrimitives::drawCardinalSpline”的声明
     1>..\manual\cocos2d\LuaOpengl.cpp(5003): warning C4996: 'cocos2d::DrawPrimitives::setDrawColor4B': 被声明为已否决
                 d:\baiduyun\alchemist\frameworks\cocos2d-x\cocos\2d/CCDrawingPrimitives.h(233) : 参见“cocos2d::DrawPrimitives::setDrawColor4B”的声明
     1>..\manual\cocos2d\LuaOpengl.cpp(5035): warning C4996: 'cocos2d::DrawPrimitives::setDrawColor4F': 被声明为已否决
                 d:\baiduyun\alchemist\frameworks\cocos2d-x\cocos\2d/CCDrawingPrimitives.h(243) : 参见“cocos2d::DrawPrimitives::setDrawColor4F”的声明
     1>..\manual\cocos2d\LuaOpengl.cpp(5061): warning C4996: 'cocos2d::DrawPrimitives::setPointSize': 被声明为已否决
                 d:\baiduyun\alchemist\frameworks\cocos2d-x\cocos\2d/CCDrawingPrimitives.h(250) : 参见“cocos2d::DrawPrimitives::setPointSize”的声明
     1>..\manual\cocos2d\LuaOpengl.cpp(5086): warning C4996: 'tolua_cocos2d_DrawPrimitives_drawPoint00': 被声明为已否决
                 ..\manual\cocos2d\LuaOpengl.cpp(4417) : 参见“tolua_cocos2d_DrawPrimitives_drawPoint00”的声明
     1>..\manual\cocos2d\LuaOpengl.cpp(5087): warning C4996: 'tolua_cocos2d_DrawPrimitives_drawPoints00': 被声明为已否决
                 ..\manual\cocos2d\LuaOpengl.cpp(4445) : 参见“tolua_cocos2d_DrawPrimitives_drawPoints00”的声明
     1>..\manual\cocos2d\LuaOpengl.cpp(5088): warning C4996: 'tolua_cocos2d_DrawPrimitives_drawLine00': 被声明为已否决
                 ..\manual\cocos2d\LuaOpengl.cpp(4499) : 参见“tolua_cocos2d_DrawPrimitives_drawLine00”的声明
     1>..\manual\cocos2d\LuaOpengl.cpp(5089): warning C4996: 'tolua_cocos2d_DrawPrimitives_drawRect00': 被声明为已否决
                 ..\manual\cocos2d\LuaOpengl.cpp(4532) : 参见“tolua_cocos2d_DrawPrimitives_drawRect00”的声明
     1>..\manual\cocos2d\LuaOpengl.cpp(5090): warning C4996: 'tolua_cocos2d_DrawPrimitives_drawSolidRect00': 被声明为已否决
                 ..\manual\cocos2d\LuaOpengl.cpp(4565) : 参见“tolua_cocos2d_DrawPrimitives_drawSolidRect00”的声明
     1>..\manual\cocos2d\LuaOpengl.cpp(5091): warning C4996: 'tolua_cocos2d_DrawPrimitives_drawPoly00': 被声明为已否决
                 ..\manual\cocos2d\LuaOpengl.cpp(4605) : 参见“tolua_cocos2d_DrawPrimitives_drawPoly00”的声明
     1>..\manual\cocos2d\LuaOpengl.cpp(5092): warning C4996: 'tolua_cocos2d_DrawPrimitives_drawSolidPoly00': 被声明为已否决
                 ..\manual\cocos2d\LuaOpengl.cpp(4661) : 参见“tolua_cocos2d_DrawPrimitives_drawSolidPoly00”的声明
     1>..\manual\cocos2d\LuaOpengl.cpp(5093): warning C4996: 'tolua_cocos2d_DrawPrimitives_drawCircle00': 被声明为已否决
                 ..\manual\cocos2d\LuaOpengl.cpp(4723) : 参见“tolua_cocos2d_DrawPrimitives_drawCircle00”的声明
     1>..\manual\cocos2d\LuaOpengl.cpp(5094): warning C4996: 'tolua_cocos2d_DrawPrimitives_drawSolidCircle00': 被声明为已否决
                 ..\manual\cocos2d\LuaOpengl.cpp(4765) : 参见“tolua_cocos2d_DrawPrimitives_drawSolidCircle00”的声明
     1>..\manual\cocos2d\LuaOpengl.cpp(5095): warning C4996: 'tolua_cocos2d_DrawPrimitives_drawQuadBezier00': 被声明为已否决
                 ..\manual\cocos2d\LuaOpengl.cpp(4804) : 参见“tolua_cocos2d_DrawPrimitives_drawQuadBezier00”的声明
     1>..\manual\cocos2d\LuaOpengl.cpp(5096): warning C4996: 'tolua_cocos2d_DrawPrimitives_drawCubicBezier00': 被声明为已否决
                 ..\manual\cocos2d\LuaOpengl.cpp(4845) : 参见“tolua_cocos2d_DrawPrimitives_drawCubicBezier00”的声明
     1>..\manual\cocos2d\LuaOpengl.cpp(5097): warning C4996: 'tolua_cocos2d_DrawPrimitives_drawCatmullRom00': 被声明为已否决
                 ..\manual\cocos2d\LuaOpengl.cpp(4892) : 参见“tolua_cocos2d_DrawPrimitives_drawCatmullRom00”的声明
     1>..\manual\cocos2d\LuaOpengl.cpp(5098): warning C4996: 'tolua_cocos2d_DrawPrimitives_drawCardinalSpline00': 被声明为已否决
                 ..\manual\cocos2d\LuaOpengl.cpp(4938) : 参见“tolua_cocos2d_DrawPrimitives_drawCardinalSpline00”的声明
     1>..\manual\cocos2d\LuaOpengl.cpp(5099): warning C4996: 'tolua_cocos2d_DrawPrimitives_drawColor4B00': 被声明为已否决
                 ..\manual\cocos2d\LuaOpengl.cpp(4984) : 参见“tolua_cocos2d_DrawPrimitives_drawColor4B00”的声明
     1>..\manual\cocos2d\LuaOpengl.cpp(5100): warning C4996: 'tolua_cocos2d_DrawPrimitives_drawColor4F00': 被声明为已否决
                 ..\manual\cocos2d\LuaOpengl.cpp(5016) : 参见“tolua_cocos2d_DrawPrimitives_drawColor4F00”的声明
     1>..\manual\cocos2d\LuaOpengl.cpp(5101): warning C4996: 'tolua_cocos2d_DrawPrimitives_setPointSize00': 被声明为已否决
                 ..\manual\cocos2d\LuaOpengl.cpp(5048) : 参见“tolua_cocos2d_DrawPrimitives_setPointSize00”的声明
         lua_cocos2dx_deprecated.cpp
         lua_cocos2dx_experimental_manual.cpp
     1>d:\baiduyun\alchemist\frameworks\cocos2d-x\cocos\physics/CCPhysicsJoint.h : warning C4819: 该文件包含不能在当前代码页(936)中表示的字符。请将该文件保存为 Unicode 格式以防止数据丢失 (..\manual\cocos2d\lua_cocos2dx_deprecated.cpp)
     1>..\manual\cocos2d\lua_cocos2dx_deprecated.cpp(1527): warning C4018: “<”: 有符号/无符号不匹配
     1>d:\baiduyun\alchemist\frameworks\cocos2d-x\cocos\physics/CCPhysicsJoint.h : warning C4819: 该文件包含不能在当前代码页(936)中表示的字符。请将该文件保存为 Unicode 格式以防止数据丢失 (..\manual\cocos2d\lua_cocos2dx_experimental_manual.cpp)
         lua_cocos2dx_manual.cpp
     1>d:\baiduyun\alchemist\frameworks\cocos2d-x\cocos\physics/CCPhysicsJoint.h : warning C4819: 该文件包含不能在当前代码页(936)中表示的字符。请将该文件保存为 Unicode 格式以防止数据丢失 (..\manual\cocos2d\lua_cocos2dx_manual.cpp)
     1>..\manual\cocos2d\lua_cocos2dx_manual.cpp(270): warning C4018: “<=”: 有符号/无符号不匹配
     1>..\manual\cocos2d\lua_cocos2dx_manual.cpp(419): warning C4018: “<”: 有符号/无符号不匹配
     1>..\manual\cocos2d\lua_cocos2dx_manual.cpp(1752): warning C4018: “<=”: 有符号/无符号不匹配
     1>..\manual\cocos2d\lua_cocos2dx_manual.cpp(2558): warning C4018: “<=”: 有符号/无符号不匹配
     1>..\manual\cocos2d\lua_cocos2dx_manual.cpp(2953): warning C4018: “<”: 有符号/无符号不匹配
     1>..\manual\cocos2d\lua_cocos2dx_manual.cpp(3039): warning C4018: “<”: 有符号/无符号不匹配
     1>..\manual\cocos2d\lua_cocos2dx_manual.cpp(3118): warning C4018: “<”: 有符号/无符号不匹配
     1>..\manual\cocos2d\lua_cocos2dx_manual.cpp(3328): warning C4018: “<”: 有符号/无符号不匹配
     1>..\manual\cocos2d\lua_cocos2dx_manual.cpp(3943): warning C4018: “<=”: 有符号/无符号不匹配
     1>..\manual\cocos2d\lua_cocos2dx_manual.cpp(4017): warning C4018: “<=”: 有符号/无符号不匹配
     1>..\manual\cocos2d\lua_cocos2dx_manual.cpp(4092): warning C4018: “<=”: 有符号/无符号不匹配
     1>..\manual\cocos2d\lua_cocos2dx_manual.cpp(4165): warning C4018: “<=”: 有符号/无符号不匹配
     1>..\manual\cocos2d\lua_cocos2dx_manual.cpp(4240): warning C4018: “<=”: 有符号/无符号不匹配
     1>..\manual\cocos2d\lua_cocos2dx_manual.cpp(4994): warning C4996: 'tolua_cocos2dx_DrawNode_setBlendFunc01': 被声明为已否决
                 ..\manual\cocos2d\lua_cocos2dx_manual.cpp(3507) : 参见“tolua_cocos2dx_DrawNode_setBlendFunc01”的声明
     1>..\manual\cocos2d\lua_cocos2dx_manual.cpp(5007): warning C4996: 'tolua_cocos2dx_Sprite_setBlendFunc01': 被声明为已否决
                 ..\manual\cocos2d\lua_cocos2dx_manual.cpp(3416) : 参见“tolua_cocos2dx_Sprite_setBlendFunc01”的声明
     1>..\manual\cocos2d\lua_cocos2dx_manual.cpp(5020): warning C4996: 'tolua_cocos2dx_LayerColor_setBlendFunc01': 被声明为已否决
                 ..\manual\cocos2d\lua_cocos2dx_manual.cpp(3481) : 参见“tolua_cocos2dx_LayerColor_setBlendFunc01”的声明
     1>..\manual\cocos2d\lua_cocos2dx_manual.cpp(5046): warning C4996: 'tolua_cocos2dx_ParticleSystem_setBlendFunc01': 被声明为已否决
                 ..\manual\cocos2d\lua_cocos2dx_manual.cpp(3494) : 参见“tolua_cocos2dx_ParticleSystem_setBlendFunc01”的声明
     1>..\manual\cocos2d\lua_cocos2dx_manual.cpp(5089): warning C4996: 'tolua_cocos2dx_SpriteBatchNode_setBlendFunc01': 被声明为已否决
                 ..\manual\cocos2d\lua_cocos2dx_manual.cpp(3429) : 参见“tolua_cocos2dx_SpriteBatchNode_setBlendFunc01”的声明
     1>..\manual\cocos2d\lua_cocos2dx_manual.cpp(5102): warning C4996: 'tolua_cocos2dx_MotionStreak_setBlendFunc01': 被声明为已否决
                 ..\manual\cocos2d\lua_cocos2dx_manual.cpp(3442) : 参见“tolua_cocos2dx_MotionStreak_setBlendFunc01”的声明
     1>..\manual\cocos2d\lua_cocos2dx_manual.cpp(5115): warning C4996: 'tolua_cocos2dx_AtlasNode_setBlendFunc01': 被声明为已否决
                 ..\manual\cocos2d\lua_cocos2dx_manual.cpp(3455) : 参见“tolua_cocos2dx_AtlasNode_setBlendFunc01”的声明
     1>..\manual\cocos2d\lua_cocos2dx_manual.cpp(5128): warning C4996: 'tolua_cocos2dx_ParticleBatchNode_setBlendFunc01': 被声明为已否决
                 ..\manual\cocos2d\lua_cocos2dx_manual.cpp(3468) : 参见“tolua_cocos2dx_ParticleBatchNode_setBlendFunc01”的声明
     1>..\manual\cocos2d\lua_cocos2dx_manual.cpp(6773): warning C4018: “<”: 有符号/无符号不匹配
     1>..\manual\cocos2d\lua_cocos2dx_manual.cpp(7006): warning C4018: “<=”: 有符号/无符号不匹配
         lua_cocos2dx_physics_manual.cpp
         CCBProxy.cpp
     1>d:\baiduyun\alchemist\frameworks\cocos2d-x\cocos\physics/CCPhysicsJoint.h : warning C4819: 该文件包含不能在当前代码页(936)中表示的字符。请将该文件保存为 Unicode 格式以防止数据丢失 (..\manual\cocos2d\lua_cocos2dx_physics_manual.cpp)
     1>d:\baiduyun\alchemist\frameworks\cocos2d-x\cocos\physics/CCPhysicsJoint.h : warning C4819: 该文件包含不能在当前代码页(936)中表示的字符。请将该文件保存为 Unicode 格式以防止数据丢失 (..\manual\cocosbuilder\CCBProxy.cpp)
         lua_cocos2dx_cocosbuilder_manual.cpp
         lua_cocos2dx_cocosdenshion_manual.cpp
     1>d:\baiduyun\alchemist\frameworks\cocos2d-x\cocos\physics/CCPhysicsJoint.h : warning C4819: 该文件包含不能在当前代码页(936)中表示的字符。请将该文件保存为 Unicode 格式以防止数据丢失 (..\manual\cocosbuilder\lua_cocos2dx_cocosbuilder_manual.cpp)
     1>d:\baiduyun\alchemist\frameworks\cocos2d-x\cocos\physics/CCPhysicsJoint.h : warning C4819: 该文件包含不能在当前代码页(936)中表示的字符。请将该文件保存为 Unicode 格式以防止数据丢失 (..\manual\cocosdenshion\lua_cocos2dx_cocosdenshion_manual.cpp)
         CustomGUIReader.cpp
     1>d:\baiduyun\alchemist\frameworks\cocos2d-x\cocos\physics/CCPhysicsJoint.h : warning C4819: 该文件包含不能在当前代码页(936)中表示的字符。请将该文件保存为 Unicode 格式以防止数据丢失 (..\manual\cocostudio\CustomGUIReader.cpp)
         lua-cocos-studio-conversions.cpp
         lua_cocos2dx_coco_studio_manual.cpp
         lua_cocos2dx_csloader_manual.cpp
     1>d:\baiduyun\alchemist\frameworks\cocos2d-x\cocos\physics/CCPhysicsJoint.h : warning C4819: 该文件包含不能在当前代码页(936)中表示的字符。请将该文件保存为 Unicode 格式以防止数据丢失 (..\manual\cocostudio\lua_cocos2dx_coco_studio_manual.cpp)
     1>d:\baiduyun\alchemist\frameworks\cocos2d-x\cocos\physics/CCPhysicsJoint.h : warning C4819: 该文件包含不能在当前代码页(936)中表示的字符。请将该文件保存为 Unicode 格式以防止数据丢失 (..\manual\cocostudio\lua_cocos2dx_csloader_manual.cpp)
     1>..\manual\cocostudio\lua_cocos2dx_coco_studio_manual.cpp(386): warning C4996: 'cocostudio::Bone::getIgnoreMovementBoneData': 被声明为已否决
                 D:\baiduyun\Alchemist\frameworks\cocos2d-x\cocos\editor-support\cocostudio/CCBone.h(194) : 参见“cocostudio::Bone::getIgnoreMovementBoneData”的声明
                 D:\baiduyun\Alchemist\frameworks\cocos2d-x\cocos\editor-support\cocostudio/CCBone.h(194) : 参见“cocostudio::Bone::getIgnoreMovementBoneData”的声明
         lua_cocos2dx_extension_manual.cpp
     1>d:\baiduyun\alchemist\frameworks\cocos2d-x\cocos\physics/CCPhysicsJoint.h : warning C4819: 该文件包含不能在当前代码页(936)中表示的字符。请将该文件保存为 Unicode 格式以防止数据丢失 (..\manual\extension\lua_cocos2dx_extension_manual.cpp)
         LuaBasicConversions.cpp
         lua_cocos2dx_network_manual.cpp
     1>d:\baiduyun\alchemist\frameworks\cocos2d-x\cocos\physics/CCPhysicsJoint.h : warning C4819: 该文件包含不能在当前代码页(936)中表示的字符。请将该文件保存为 Unicode 格式以防止数据丢失 (..\manual\LuaBasicConversions.cpp)
     1>D:\baiduyun\Alchemist\frameworks\cocos2d-x\cocos\network/HttpRequest.h(240): warning C4996: 'cocos2d::network::HttpRequest::setResponseCallback': 被声明为已否决 (..\manual\network\lua_cocos2dx_network_manual.cpp)
                 D:\baiduyun\Alchemist\frameworks\cocos2d-x\cocos\network/HttpRequest.h(250) : 参见“cocos2d::network::HttpRequest::setResponseCallback”的声明
     1>d:\baiduyun\alchemist\frameworks\cocos2d-x\cocos\physics/CCPhysicsJoint.h : warning C4819: 该文件包含不能在当前代码页(936)中表示的字符。请将该文件保存为 Unicode 格式以防止数据丢失 (..\manual\network\lua_cocos2dx_network_manual.cpp)
         Lua_web_socket.cpp
     1>d:\baiduyun\alchemist\frameworks\cocos2d-x\cocos\physics/CCPhysicsJoint.h : warning C4819: 该文件包含不能在当前代码页(936)中表示的字符。请将该文件保存为 Unicode 格式以防止数据丢失 (..\manual\network\Lua_web_socket.cpp)
         lua_xml_http_request.cpp
     1>D:\baiduyun\Alchemist\frameworks\cocos2d-x\cocos\network/HttpRequest.h(240): warning C4996: 'cocos2d::network::HttpRequest::setResponseCallback': 被声明为已否决 (..\manual\network\lua_xml_http_request.cpp)
                 D:\baiduyun\Alchemist\frameworks\cocos2d-x\cocos\network/HttpRequest.h(250) : 参见“cocos2d::network::HttpRequest::setResponseCallback”的声明
     1>d:\baiduyun\alchemist\frameworks\cocos2d-x\cocos\physics/CCPhysicsJoint.h : warning C4819: 该文件包含不能在当前代码页(936)中表示的字符。请将该文件保存为 Unicode 格式以防止数据丢失 (..\manual\network\lua_xml_http_request.cpp)
         LuaSkeletonAnimation.cpp
     1>..\manual\network\lua_xml_http_request.cpp(317): warning C4102: “tolua_lerror”: 未引用的标签
     1>..\manual\network\lua_xml_http_request.cpp(698): warning C4018: “<”: 有符号/无符号不匹配
         lua_cocos2dx_spine_manual.cpp
     1>d:\baiduyun\alchemist\frameworks\cocos2d-x\cocos\physics/CCPhysicsJoint.h : warning C4819: 该文件包含不能在当前代码页(936)中表示的字符。请将该文件保存为 Unicode 格式以防止数据丢失 (..\manual\spine\lua_cocos2dx_spine_manual.cpp)
     1>..\manual\spine\lua_cocos2dx_spine_manual.cpp(478): warning C4996: 'tolua_spine_SkeletoneAnimation_setBlendFunc': 被声明为已否决
                 ..\manual\spine\lua_cocos2dx_spine_manual.cpp(325) : 参见“tolua_spine_SkeletoneAnimation_setBlendFunc”的声明
         tolua_fix.cpp
     1>d:\baiduyun\alchemist\frameworks\cocos2d-x\cocos\physics/CCPhysicsJoint.h : warning C4819: 该文件包含不能在当前代码页(936)中表示的字符。请将该文件保存为 Unicode 格式以防止数据丢失 (..\manual\spine\LuaSkeletonAnimation.cpp)
     1>d:\baiduyun\alchemist\frameworks\cocos2d-x\cocos\physics/CCPhysicsJoint.h : warning C4819: 该文件包含不能在当前代码页(936)中表示的字符。请将该文件保存为 Unicode 格式以防止数据丢失 (..\manual\tolua_fix.cpp)
         lua_cocos2dx_experimental_video_manual.cpp
         lua_cocos2dx_ui_manual.cpp
     1>d:\baiduyun\alchemist\frameworks\cocos2d-x\cocos\physics/CCPhysicsJoint.h : warning C4819: 该文件包含不能在当前代码页(936)中表示的字符。请将该文件保存为 Unicode 格式以防止数据丢失 (..\manual\ui\lua_cocos2dx_ui_manual.cpp)
       Lib:
         C:\Program Files (x86)\Microsoft Visual Studio 12.0\VC\bin\Lib.exe /OUT:"D:\baiduyun\Alchemist\frameworks\runtime-src\proj.win32\Debug.win32\libluacocos2d.lib" /NOLOGO Debug.win32\libluacocos2d\auxiliar.obj
         Debug.win32\libluacocos2d\buffer.obj
         Debug.win32\libluacocos2d\except.obj
         Debug.win32\libluacocos2d\inet.obj
         Debug.win32\libluacocos2d\io.obj
         Debug.win32\libluacocos2d\luasocket.obj
         Debug.win32\libluacocos2d\luasocket_scripts.obj
         Debug.win32\libluacocos2d\mime.obj
         Debug.win32\libluacocos2d\options.obj
         Debug.win32\libluacocos2d\select.obj
         Debug.win32\libluacocos2d\tcp.obj
         Debug.win32\libluacocos2d\timeout.obj
         Debug.win32\libluacocos2d\udp.obj
         Debug.win32\libluacocos2d\wsocket.obj
         Debug.win32\libluacocos2d\LuaEventNode.obj
         Debug.win32\libluacocos2d\LuaNodeManager.obj
         Debug.win32\libluacocos2d\LuaTouchEventManager.obj
         Debug.win32\libluacocos2d\LuaTouchTargetNode.obj
         Debug.win32\libluacocos2d\lua_cocos2dx_quick_manual.obj
         Debug.win32\libluacocos2d\tolua_event.obj
         Debug.win32\libluacocos2d\tolua_is.obj
         Debug.win32\libluacocos2d\tolua_map.obj
         Debug.win32\libluacocos2d\tolua_push.obj
         Debug.win32\libluacocos2d\tolua_to.obj
         Debug.win32\libluacocos2d\xxtea.obj
         Debug.win32\libluacocos2d\lua_cocos2dx_3d_auto.obj
         Debug.win32\libluacocos2d\lua_cocos2dx_audioengine_auto.obj
         Debug.win32\libluacocos2d\lua_cocos2dx_auto.obj
         Debug.win32\libluacocos2d\lua_cocos2dx_cocosbuilder_auto.obj
         Debug.win32\libluacocos2d\lua_cocos2dx_cocosdenshion_auto.obj
         Debug.win32\libluacocos2d\lua_cocos2dx_csloader_auto.obj
         Debug.win32\libluacocos2d\lua_cocos2dx_experimental_auto.obj
         Debug.win32\libluacocos2d\lua_cocos2dx_experimental_video_auto.obj
         Debug.win32\libluacocos2d\lua_cocos2dx_extension_auto.obj
         Debug.win32\libluacocos2d\lua_cocos2dx_physics_auto.obj
         Debug.win32\libluacocos2d\lua_cocos2dx_spine_auto.obj
         Debug.win32\libluacocos2d\lua_cocos2dx_studio_auto.obj
         Debug.win32\libluacocos2d\lua_cocos2dx_ui_auto.obj
         Debug.win32\libluacocos2d\lua_SL_auto.obj
         Debug.win32\libluacocos2d\lua_cocos2dx_3d_manual.obj
         Debug.win32\libluacocos2d\lua_cocos2dx_audioengine_manual.obj
         Debug.win32\libluacocos2d\CCLuaBridge.obj
         Debug.win32\libluacocos2d\CCLuaEngine.obj
         Debug.win32\libluacocos2d\CCLuaStack.obj
         Debug.win32\libluacocos2d\CCLuaValue.obj
         Debug.win32\libluacocos2d\Cocos2dxLuaLoader.obj
         Debug.win32\libluacocos2d\LuaOpengl.obj
         Debug.win32\libluacocos2d\LuaScriptHandlerMgr.obj
         Debug.win32\libluacocos2d\lua_cocos2dx_deprecated.obj
         Debug.win32\libluacocos2d\lua_cocos2dx_experimental_manual.obj
         Debug.win32\libluacocos2d\lua_cocos2dx_manual.obj
         Debug.win32\libluacocos2d\lua_cocos2dx_physics_manual.obj
         Debug.win32\libluacocos2d\CCBProxy.obj
         Debug.win32\libluacocos2d\lua_cocos2dx_cocosbuilder_manual.obj
         Debug.win32\libluacocos2d\lua_cocos2dx_cocosdenshion_manual.obj
         Debug.win32\libluacocos2d\CustomGUIReader.obj
         "Debug.win32\libluacocos2d\lua-cocos-studio-conversions.obj"
         Debug.win32\libluacocos2d\lua_cocos2dx_coco_studio_manual.obj
         Debug.win32\libluacocos2d\lua_cocos2dx_csloader_manual.obj
         Debug.win32\libluacocos2d\lua_cocos2dx_extension_manual.obj
         Debug.win32\libluacocos2d\LuaBasicConversions.obj
         Debug.win32\libluacocos2d\lua_cocos2dx_network_manual.obj
         Debug.win32\libluacocos2d\lua_extensions.obj
         Debug.win32\libluacocos2d\Lua_web_socket.obj
         Debug.win32\libluacocos2d\lua_xml_http_request.obj
         Debug.win32\libluacocos2d\LuaSkeletonAnimation.obj
         Debug.win32\libluacocos2d\lua_cocos2dx_spine_manual.obj
         Debug.win32\libluacocos2d\tolua_fix.obj
         Debug.win32\libluacocos2d\lua_cocos2dx_experimental_video_manual.obj
         Debug.win32\libluacocos2d\lua_cocos2dx_ui_manual.obj
         libluacocos2d.vcxproj -> D:\baiduyun\Alchemist\frameworks\runtime-src\proj.win32\Debug.win32\libluacocos2d.lib
     1>已完成生成项目“D:\baiduyun\Alchemist\frameworks\cocos2d-x\cocos\scripting\lua-bindings\proj.win32\libluacocos2d.vcxproj”(Build 个目标)的操作。

生成成功。

已用时间 00:04:54.71
